2023-05-23 11:57:01.432  INFO 8808 --- [restartedMain] com.gigin.project.ProjectApplication     : Starting ProjectApplication using Java 19.0.1 on DESKTOP-FKC4QR3 with PID 8808 (D:\Springs\project\target\classes started by MITHUN in D:\Springs\project)
2023-05-23 11:57:01.433  INFO 8808 --- [restartedMain] com.gigin.project.ProjectApplication     : No active profile set, falling back to 1 default profile: "default"
2023-05-23 11:57:01.860  INFO 8808 --- [restartedMain] .s.d.r.c.RepositoryConfigurationDelegate : Bootstrapping Spring Data JPA repositories in DEFAULT mode.
2023-05-23 11:57:01.890  INFO 8808 --- [restartedMain] .s.d.r.c.RepositoryConfigurationDelegate : Finished Spring Data repository scanning in 23 ms. Found 1 JPA repository interfaces.
2023-05-23 11:57:02.123  INFO 8808 --- [restartedMain] o.s.b.w.embedded.tomcat.TomcatWebServer  : Tomcat initialized with port(s): 8080 (http)
2023-05-23 11:57:02.127  INFO 8808 --- [restartedMain] o.apache.catalina.core.StandardService   : Starting service [Tomcat]
2023-05-23 11:57:02.129  INFO 8808 --- [restartedMain] org.apache.catalina.core.StandardEngine  : Starting Servlet engine: [Apache Tomcat/9.0.75]
2023-05-23 11:57:02.180  INFO 8808 --- [restartedMain] o.a.c.c.C.[Tomcat].[localhost].[/]       : Initializing Spring embedded WebApplicationContext
2023-05-23 11:57:02.181  INFO 8808 --- [restartedMain] w.s.c.ServletWebServerApplicationContext : Root WebApplicationContext: initialization completed in 738 ms
2023-05-23 11:57:02.290  INFO 8808 --- [restartedMain] o.hibernate.jpa.internal.util.LogHelper  : HHH000204: Processing PersistenceUnitInfo [name: default]
2023-05-23 11:57:02.309  INFO 8808 --- [restartedMain] com.zaxxer.hikari.HikariDataSource       : HikariPool-2 - Starting...
2023-05-23 11:57:02.360  INFO 8808 --- [restartedMain] com.zaxxer.hikari.HikariDataSource       : HikariPool-2 - Start completed.
2023-05-23 11:57:02.363  INFO 8808 --- [restartedMain] org.hibernate.dialect.Dialect            : HHH000400: Using dialect: org.hibernate.dialect.MySQL5InnoDBDialect
2023-05-23 11:57:02.459  INFO 8808 --- [restartedMain] o.h.e.t.j.p.i.JtaPlatformInitiator       : HHH000490: Using JtaPlatform implementation: [org.hibernate.engine.transaction.jta.platform.internal.NoJtaPlatform]
2023-05-23 11:57:02.460  INFO 8808 --- [restartedMain] j.LocalContainerEntityManagerFactoryBean : Initialized JPA EntityManagerFactory for persistence unit 'default'
2023-05-23 11:57:02.821  WARN 8808 --- [restartedMain] JpaBaseConfiguration$JpaWebConfiguration : spring.jpa.open-in-view is enabled by default. Therefore, database queries may be performed during view rendering. Explicitly configure spring.jpa.open-in-view to disable this warning
2023-05-23 11:57:03.065  INFO 8808 --- [restartedMain] o.s.b.d.a.OptionalLiveReloadServer       : LiveReload server is running on port 35729
2023-05-23 11:57:03.098  INFO 8808 --- [restartedMain] o.s.b.w.embedded.tomcat.TomcatWebServer  : Tomcat started on port(s): 8080 (http) with context path ''
2023-05-23 11:57:03.115  INFO 8808 --- [restartedMain] com.gigin.project.ProjectApplication     : Started ProjectApplication in 1.799 seconds (JVM running for 345.054)
2023-05-23 11:57:03.132  INFO 8808 --- [restartedMain] .ConditionEvaluationDeltaLoggingListener : Condition evaluation unchanged
2023-05-23 11:57:12.723  INFO 8808 --- [http-nio-8080-exec-2] o.a.c.c.C.[Tomcat].[localhost].[/]       : Initializing Spring DispatcherServlet 'dispatcherServlet'
2023-05-23 11:57:12.724  INFO 8808 --- [http-nio-8080-exec-2] o.s.web.servlet.DispatcherServlet        : Initializing Servlet 'dispatcherServlet'
2023-05-23 11:57:12.725  INFO 8808 --- [http-nio-8080-exec-2] o.s.web.servlet.DispatcherServlet        : Completed initialization in 1 ms
2023-05-23 11:57:48.418  INFO 8808 --- [File Watcher] rtingClassPathChangeChangedEventListener : Restarting due to 1 class path change (0 additions, 0 deletions, 1 modification)
2023-05-23 11:57:48.452  INFO 8808 --- [Thread-7] o.apache.catalina.core.StandardService   : Stopping service [Tomcat]
2023-05-23 11:57:48.454  INFO 8808 --- [Thread-7] o.a.c.c.C.[Tomcat].[localhost].[/]       : Destroying Spring FrameworkServlet 'dispatcherServlet'
2023-05-23 11:57:48.467  INFO 8808 --- [Thread-7] j.LocalContainerEntityManagerFactoryBean : Closing JPA EntityManagerFactory for persistence unit 'default'
2023-05-23 11:57:48.470  INFO 8808 --- [Thread-7] com.zaxxer.hikari.HikariDataSource       : HikariPool-2 - Shutdown initiated...
2023-05-23 11:57:48.491  INFO 8808 --- [Thread-7] com.zaxxer.hikari.HikariDataSource       : HikariPool-2 - Shutdown completed.
